{"C:\\Users\\emers\\Documents\\faz-pay\\.jest\\mocks\\fileMock.js": {"path":"C:\\Users\\emers\\Documents\\faz-pay\\.jest\\mocks\\fileMock.js","statementMap":{},"fnMap":{},"branchMap":{},"s":{},"f":{},"b":{},"_coverageSchema":"1a1c01bbd47fc00a2c39e90264f33305004495a9","hash":"d91c96d28e976cfcd16013470b5cb15ea92a5a94"}
,"C:\\Users\\emers\\Documents\\faz-pay\\src\\components\\CreateProductCard\\create-product-card.tsx": {"path":"C:\\Users\\emers\\Documents\\faz-pay\\src\\components\\CreateProductCard\\create-product-card.tsx","statementMap":{"0":{"start":{"line":12,"column":69},"end":{"line":12,"column":91}},"1":{"start":{"line":13,"column":38},"end":{"line":13,"column":61}},"2":{"start":{"line":15,"column":4},"end":{"line":77,"column":5}},"3":{"start":{"line":18,"column":52},"end":{"line":18,"column":83}},"4":{"start":{"line":20,"column":103},"end":{"line":20,"column":141}},"5":{"start":{"line":42,"column":49},"end":{"line":42,"column":62}},"6":{"start":{"line":43,"column":28},"end":{"line":43,"column":100}},"7":{"start":{"line":43,"column":47},"end":{"line":43,"column":100}}},"fnMap":{"0":{"name":"CreateProductCard","decl":{"start":{"line":11,"column":24},"end":{"line":11,"column":41}},"loc":{"start":{"line":11,"column":96},"end":{"line":78,"column":1}},"line":11},"1":{"name":"(anonymous_1)","decl":{"start":{"line":18,"column":46},"end":{"line":18,"column":47}},"loc":{"start":{"line":18,"column":52},"end":{"line":18,"column":83}},"line":18},"2":{"name":"(anonymous_2)","decl":{"start":{"line":20,"column":96},"end":{"line":20,"column":97}},"loc":{"start":{"line":20,"column":103},"end":{"line":20,"column":141}},"line":20},"3":{"name":"(anonymous_3)","decl":{"start":{"line":41,"column":34},"end":{"line":41,"column":35}},"loc":{"start":{"line":41,"column":45},"end":{"line":44,"column":25}},"line":41}},"branchMap":{"0":{"loc":{"start":{"line":43,"column":28},"end":{"line":43,"column":100}},"type":"if","locations":[{"start":{"line":43,"column":28},"end":{"line":43,"column":100}},{"start":{},"end":{}}],"line":43}},"s":{"0":5,"1":5,"2":5,"3":1,"4":0,"5":0,"6":0,"7":0},"f":{"0":5,"1":1,"2":0,"3":0},"b":{"0":[0,0]},"_coverageSchema":"1a1c01bbd47fc00a2c39e90264f33305004495a9","hash":"da904a63551b93271b33407ef1b80f62d25ea219"}
,"C:\\Users\\emers\\Documents\\faz-pay\\src\\components\\CreateProductCard\\styled.tsx": {"path":"C:\\Users\\emers\\Documents\\faz-pay\\src\\components\\CreateProductCard\\styled.tsx","statementMap":{"0":{"start":{"line":3,"column":25},"end":{"line":16,"column":1}},"1":{"start":{"line":18,"column":24},"end":{"line":25,"column":1}}},"fnMap":{},"branchMap":{},"s":{"0":2,"1":2},"f":{},"b":{},"_coverageSchema":"1a1c01bbd47fc00a2c39e90264f33305004495a9","hash":"a735c66858553193c7d8780959f7c68485061d19"}
,"C:\\Users\\emers\\Documents\\faz-pay\\src\\components\\CreateProductCard\\functions\\on-submit-products-form.tsx": {"path":"C:\\Users\\emers\\Documents\\faz-pay\\src\\components\\CreateProductCard\\functions\\on-submit-products-form.tsx","statementMap":{"0":{"start":{"line":6,"column":18},"end":{"line":6,"column":43}},"1":{"start":{"line":7,"column":29},"end":{"line":7,"column":54}},"2":{"start":{"line":9,"column":4},"end":{"line":9,"column":26}}},"fnMap":{"0":{"name":"OnSubmitProductsForm","decl":{"start":{"line":5,"column":24},"end":{"line":5,"column":44}},"loc":{"start":{"line":5,"column":136},"end":{"line":10,"column":1}},"line":5}},"branchMap":{},"s":{"0":0,"1":0,"2":0},"f":{"0":0},"b":{},"_coverageSchema":"1a1c01bbd47fc00a2c39e90264f33305004495a9","hash":"44b0fc5f3e4e0d1ad05d581018e9eaa2b334e3ab"}
,"C:\\Users\\emers\\Documents\\faz-pay\\src\\components\\EditProductCard\\edit-product-card.tsx": {"path":"C:\\Users\\emers\\Documents\\faz-pay\\src\\components\\EditProductCard\\edit-product-card.tsx","statementMap":{"0":{"start":{"line":12,"column":79},"end":{"line":12,"column":101}},"1":{"start":{"line":13,"column":38},"end":{"line":13,"column":77}},"2":{"start":{"line":14,"column":15},"end":{"line":14,"column":26}},"3":{"start":{"line":16,"column":4},"end":{"line":23,"column":27}},"4":{"start":{"line":17,"column":8},"end":{"line":22,"column":9}},"5":{"start":{"line":18,"column":12},"end":{"line":18,"column":43}},"6":{"start":{"line":19,"column":12},"end":{"line":19,"column":50}},"7":{"start":{"line":20,"column":12},"end":{"line":20,"column":51}},"8":{"start":{"line":21,"column":12},"end":{"line":21,"column":57}},"9":{"start":{"line":27,"column":22},"end":{"line":27,"column":47}},"10":{"start":{"line":28,"column":37},"end":{"line":28,"column":66}},"11":{"start":{"line":30,"column":8},"end":{"line":30,"column":33}},"12":{"start":{"line":33,"column":4},"end":{"line":95,"column":5}},"13":{"start":{"line":36,"column":52},"end":{"line":36,"column":68}},"14":{"start":{"line":38,"column":83},"end":{"line":38,"column":106}},"15":{"start":{"line":60,"column":49},"end":{"line":60,"column":62}},"16":{"start":{"line":61,"column":28},"end":{"line":61,"column":100}},"17":{"start":{"line":61,"column":47},"end":{"line":61,"column":100}}},"fnMap":{"0":{"name":"EditProductCard","decl":{"start":{"line":11,"column":24},"end":{"line":11,"column":39}},"loc":{"start":{"line":11,"column":89},"end":{"line":96,"column":1}},"line":11},"1":{"name":"(anonymous_1)","decl":{"start":{"line":16,"column":14},"end":{"line":16,"column":15}},"loc":{"start":{"line":16,"column":20},"end":{"line":23,"column":5}},"line":16},"2":{"name":"onSubmitProductsForm","decl":{"start":{"line":26,"column":13},"end":{"line":26,"column":33}},"loc":{"start":{"line":26,"column":60},"end":{"line":31,"column":5}},"line":26},"3":{"name":"(anonymous_3)","decl":{"start":{"line":36,"column":46},"end":{"line":36,"column":47}},"loc":{"start":{"line":36,"column":52},"end":{"line":36,"column":68}},"line":36},"4":{"name":"(anonymous_4)","decl":{"start":{"line":38,"column":76},"end":{"line":38,"column":77}},"loc":{"start":{"line":38,"column":83},"end":{"line":38,"column":106}},"line":38},"5":{"name":"(anonymous_5)","decl":{"start":{"line":59,"column":34},"end":{"line":59,"column":35}},"loc":{"start":{"line":59,"column":45},"end":{"line":62,"column":25}},"line":59}},"branchMap":{"0":{"loc":{"start":{"line":17,"column":8},"end":{"line":22,"column":9}},"type":"if","locations":[{"start":{"line":17,"column":8},"end":{"line":22,"column":9}},{"start":{},"end":{}}],"line":17},"1":{"loc":{"start":{"line":61,"column":28},"end":{"line":61,"column":100}},"type":"if","locations":[{"start":{"line":61,"column":28},"end":{"line":61,"column":100}},{"start":{},"end":{}}],"line":61}},"s":{"0":3,"1":3,"2":3,"3":3,"4":3,"5":3,"6":3,"7":3,"8":3,"9":0,"10":0,"11":0,"12":3,"13":1,"14":0,"15":0,"16":0,"17":0},"f":{"0":3,"1":3,"2":0,"3":1,"4":0,"5":0},"b":{"0":[3,0],"1":[0,0]},"_coverageSchema":"1a1c01bbd47fc00a2c39e90264f33305004495a9","hash":"d786e2361b532bf3ca52c17337ee3fb4b920a6ca"}
,"C:\\Users\\emers\\Documents\\faz-pay\\src\\components\\EditProductCard\\styled.tsx": {"path":"C:\\Users\\emers\\Documents\\faz-pay\\src\\components\\EditProductCard\\styled.tsx","statementMap":{"0":{"start":{"line":3,"column":25},"end":{"line":17,"column":1}},"1":{"start":{"line":19,"column":24},"end":{"line":26,"column":1}}},"fnMap":{},"branchMap":{},"s":{"0":3,"1":3},"f":{},"b":{},"_coverageSchema":"1a1c01bbd47fc00a2c39e90264f33305004495a9","hash":"bc885558c9b3e552bcc430c91601ed6d83359598"}
,"C:\\Users\\emers\\Documents\\faz-pay\\src\\components\\Header\\header.tsx": {"path":"C:\\Users\\emers\\Documents\\faz-pay\\src\\components\\Header\\header.tsx","statementMap":{"0":{"start":{"line":7,"column":4},"end":{"line":12,"column":5}},"1":{"start":{"line":10,"column":39},"end":{"line":10,"column":48}}},"fnMap":{"0":{"name":"Header","decl":{"start":{"line":6,"column":24},"end":{"line":6,"column":30}},"loc":{"start":{"line":6,"column":33},"end":{"line":13,"column":1}},"line":6},"1":{"name":"(anonymous_1)","decl":{"start":{"line":10,"column":33},"end":{"line":10,"column":34}},"loc":{"start":{"line":10,"column":39},"end":{"line":10,"column":48}},"line":10}},"branchMap":{},"s":{"0":9,"1":1},"f":{"0":9,"1":1},"b":{},"_coverageSchema":"1a1c01bbd47fc00a2c39e90264f33305004495a9","hash":"9b6c9b8d655dc0af53f8085ba978b410344be5ff"}
,"C:\\Users\\emers\\Documents\\faz-pay\\src\\components\\Header\\styled.tsx": {"path":"C:\\Users\\emers\\Documents\\faz-pay\\src\\components\\Header\\styled.tsx","statementMap":{"0":{"start":{"line":3,"column":25},"end":{"line":21,"column":1}},"1":{"start":{"line":5,"column":33},"end":{"line":5,"column":60}}},"fnMap":{"0":{"name":"(anonymous_0)","decl":{"start":{"line":5,"column":24},"end":{"line":5,"column":25}},"loc":{"start":{"line":5,"column":33},"end":{"line":5,"column":60}},"line":5}},"branchMap":{},"s":{"0":2,"1":9},"f":{"0":9},"b":{},"_coverageSchema":"1a1c01bbd47fc00a2c39e90264f33305004495a9","hash":"129a36e6980d4db88d42f5d972eb4e1ad16e5217"}
,"C:\\Users\\emers\\Documents\\faz-pay\\src\\components\\Input-Form\\input-form.tsx": {"path":"C:\\Users\\emers\\Documents\\faz-pay\\src\\components\\Input-Form\\input-form.tsx","statementMap":{"0":{"start":{"line":7,"column":111},"end":{"line":7,"column":116}},"1":{"start":{"line":9,"column":4},"end":{"line":25,"column":5}}},"fnMap":{"0":{"name":"InputForm","decl":{"start":{"line":6,"column":24},"end":{"line":6,"column":33}},"loc":{"start":{"line":6,"column":57},"end":{"line":26,"column":1}},"line":6}},"branchMap":{},"s":{"0":68,"1":68},"f":{"0":68},"b":{},"_coverageSchema":"1a1c01bbd47fc00a2c39e90264f33305004495a9","hash":"d1380a6484514e7a25c5557ce38c6f3a455c1a9f"}
,"C:\\Users\\emers\\Documents\\faz-pay\\src\\components\\Input-Form\\style.tsx": {"path":"C:\\Users\\emers\\Documents\\faz-pay\\src\\components\\Input-Form\\style.tsx","statementMap":{"0":{"start":{"line":3,"column":26},"end":{"line":16,"column":1}},"1":{"start":{"line":8,"column":26},"end":{"line":8,"column":50}},"2":{"start":{"line":18,"column":28},"end":{"line":21,"column":1}},"3":{"start":{"line":20,"column":22},"end":{"line":20,"column":44}}},"fnMap":{"0":{"name":"(anonymous_0)","decl":{"start":{"line":8,"column":17},"end":{"line":8,"column":18}},"loc":{"start":{"line":8,"column":26},"end":{"line":8,"column":50}},"line":8},"1":{"name":"(anonymous_1)","decl":{"start":{"line":20,"column":13},"end":{"line":20,"column":14}},"loc":{"start":{"line":20,"column":22},"end":{"line":20,"column":44}},"line":20}},"branchMap":{},"s":{"0":7,"1":68,"2":7,"3":68},"f":{"0":68,"1":68},"b":{},"_coverageSchema":"1a1c01bbd47fc00a2c39e90264f33305004495a9","hash":"c75d0596bf95ad9901414601a1f8ce50daf84240"}
,"C:\\Users\\emers\\Documents\\faz-pay\\src\\components\\TableDesktop\\style.tsx": {"path":"C:\\Users\\emers\\Documents\\faz-pay\\src\\components\\TableDesktop\\style.tsx","statementMap":{"0":{"start":{"line":3,"column":25},"end":{"line":68,"column":1}},"1":{"start":{"line":16,"column":37},"end":{"line":16,"column":64}},"2":{"start":{"line":32,"column":31},"end":{"line":32,"column":56}},"3":{"start":{"line":33,"column":26},"end":{"line":33,"column":50}},"4":{"start":{"line":44,"column":26},"end":{"line":44,"column":50}},"5":{"start":{"line":53,"column":37},"end":{"line":53,"column":61}},"6":{"start":{"line":54,"column":41},"end":{"line":54,"column":68}},"7":{"start":{"line":70,"column":20},"end":{"line":74,"column":1}}},"fnMap":{"0":{"name":"(anonymous_0)","decl":{"start":{"line":16,"column":28},"end":{"line":16,"column":29}},"loc":{"start":{"line":16,"column":37},"end":{"line":16,"column":64}},"line":16},"1":{"name":"(anonymous_1)","decl":{"start":{"line":32,"column":22},"end":{"line":32,"column":23}},"loc":{"start":{"line":32,"column":31},"end":{"line":32,"column":56}},"line":32},"2":{"name":"(anonymous_2)","decl":{"start":{"line":33,"column":17},"end":{"line":33,"column":18}},"loc":{"start":{"line":33,"column":26},"end":{"line":33,"column":50}},"line":33},"3":{"name":"(anonymous_3)","decl":{"start":{"line":44,"column":17},"end":{"line":44,"column":18}},"loc":{"start":{"line":44,"column":26},"end":{"line":44,"column":50}},"line":44},"4":{"name":"(anonymous_4)","decl":{"start":{"line":53,"column":28},"end":{"line":53,"column":29}},"loc":{"start":{"line":53,"column":37},"end":{"line":53,"column":61}},"line":53},"5":{"name":"(anonymous_5)","decl":{"start":{"line":54,"column":32},"end":{"line":54,"column":33}},"loc":{"start":{"line":54,"column":41},"end":{"line":54,"column":68}},"line":54}},"branchMap":{},"s":{"0":2,"1":10,"2":10,"3":10,"4":10,"5":10,"6":10,"7":2},"f":{"0":10,"1":10,"2":10,"3":10,"4":10,"5":10},"b":{},"_coverageSchema":"1a1c01bbd47fc00a2c39e90264f33305004495a9","hash":"7405c4cbd052b386f75664a65241238bf5abb03b"}
,"C:\\Users\\emers\\Documents\\faz-pay\\src\\components\\TableDesktop\\table-desktop.tsx": {"path":"C:\\Users\\emers\\Documents\\faz-pay\\src\\components\\TableDesktop\\table-desktop.tsx","statementMap":{"0":{"start":{"line":10,"column":38},"end":{"line":10,"column":56}},"1":{"start":{"line":11,"column":34},"end":{"line":11,"column":65}},"2":{"start":{"line":14,"column":24},"end":{"line":14,"column":101}},"3":{"start":{"line":15,"column":8},"end":{"line":19,"column":9}},"4":{"start":{"line":16,"column":12},"end":{"line":16,"column":32}},"5":{"start":{"line":18,"column":12},"end":{"line":18,"column":36}},"6":{"start":{"line":22,"column":4},"end":{"line":64,"column":5}},"7":{"start":{"line":40,"column":75},"end":{"line":40,"column":82}},"8":{"start":{"line":42,"column":24},"end":{"line":50,"column":29}},"9":{"start":{"line":48,"column":65},"end":{"line":48,"column":84}},"10":{"start":{"line":49,"column":54},"end":{"line":49,"column":83}}},"fnMap":{"0":{"name":"TableDesktop","decl":{"start":{"line":9,"column":24},"end":{"line":9,"column":36}},"loc":{"start":{"line":9,"column":73},"end":{"line":65,"column":1}},"line":9},"1":{"name":"handleDeleteProduct","decl":{"start":{"line":13,"column":13},"end":{"line":13,"column":32}},"loc":{"start":{"line":13,"column":59},"end":{"line":20,"column":5}},"line":13},"2":{"name":"(anonymous_2)","decl":{"start":{"line":39,"column":35},"end":{"line":39,"column":36}},"loc":{"start":{"line":39,"column":48},"end":{"line":51,"column":21}},"line":39},"3":{"name":"(anonymous_3)","decl":{"start":{"line":48,"column":59},"end":{"line":48,"column":60}},"loc":{"start":{"line":48,"column":65},"end":{"line":48,"column":84}},"line":48},"4":{"name":"(anonymous_4)","decl":{"start":{"line":49,"column":48},"end":{"line":49,"column":49}},"loc":{"start":{"line":49,"column":54},"end":{"line":49,"column":83}},"line":49}},"branchMap":{"0":{"loc":{"start":{"line":15,"column":8},"end":{"line":19,"column":9}},"type":"if","locations":[{"start":{"line":15,"column":8},"end":{"line":19,"column":9}},{"start":{},"end":{}}],"line":15},"1":{"loc":{"start":{"line":57,"column":16},"end":{"line":61,"column":18}},"type":"binary-expr","locations":[{"start":{"line":57,"column":16},"end":{"line":57,"column":23}},{"start":{"line":58,"column":16},"end":{"line":61,"column":18}}],"line":57}},"s":{"0":10,"1":10,"2":1,"3":1,"4":1,"5":1,"6":10,"7":20,"8":20,"9":1,"10":1},"f":{"0":10,"1":1,"2":20,"3":1,"4":1},"b":{"0":[1,0],"1":[10,1]},"_coverageSchema":"1a1c01bbd47fc00a2c39e90264f33305004495a9","hash":"0e347ff7e30c8667e39d4ed279c8c820024c63b6"}
,"C:\\Users\\emers\\Documents\\faz-pay\\src\\components\\TableLine\\table-line.tsx": {"path":"C:\\Users\\emers\\Documents\\faz-pay\\src\\components\\TableLine\\table-line.tsx","statementMap":{"0":{"start":{"line":8,"column":13},"end":{"line":11,"column":1}},"1":{"start":{"line":19,"column":49},"end":{"line":19,"column":56}},"2":{"start":{"line":21,"column":34},"end":{"line":21,"column":49}},"3":{"start":{"line":22,"column":38},"end":{"line":22,"column":56}},"4":{"start":{"line":25,"column":24},"end":{"line":25,"column":101}},"5":{"start":{"line":26,"column":8},"end":{"line":30,"column":9}},"6":{"start":{"line":27,"column":12},"end":{"line":27,"column":32}},"7":{"start":{"line":29,"column":12},"end":{"line":29,"column":36}},"8":{"start":{"line":33,"column":4},"end":{"line":64,"column":5}},"9":{"start":{"line":37,"column":35},"end":{"line":37,"column":55}},"10":{"start":{"line":55,"column":77},"end":{"line":55,"column":96}},"11":{"start":{"line":56,"column":66},"end":{"line":56,"column":95}}},"fnMap":{"0":{"name":"TableLine","decl":{"start":{"line":18,"column":24},"end":{"line":18,"column":33}},"loc":{"start":{"line":18,"column":84},"end":{"line":65,"column":1}},"line":18},"1":{"name":"handleDeleteProduct","decl":{"start":{"line":24,"column":13},"end":{"line":24,"column":32}},"loc":{"start":{"line":24,"column":59},"end":{"line":31,"column":5}},"line":24},"2":{"name":"(anonymous_2)","decl":{"start":{"line":37,"column":29},"end":{"line":37,"column":30}},"loc":{"start":{"line":37,"column":35},"end":{"line":37,"column":55}},"line":37},"3":{"name":"(anonymous_3)","decl":{"start":{"line":55,"column":71},"end":{"line":55,"column":72}},"loc":{"start":{"line":55,"column":77},"end":{"line":55,"column":96}},"line":55},"4":{"name":"(anonymous_4)","decl":{"start":{"line":56,"column":60},"end":{"line":56,"column":61}},"loc":{"start":{"line":56,"column":66},"end":{"line":56,"column":95}},"line":56}},"branchMap":{"0":{"loc":{"start":{"line":26,"column":8},"end":{"line":30,"column":9}},"type":"if","locations":[{"start":{"line":26,"column":8},"end":{"line":30,"column":9}},{"start":{},"end":{}}],"line":26},"1":{"loc":{"start":{"line":39,"column":13},"end":{"line":61,"column":13}},"type":"binary-expr","locations":[{"start":{"line":39,"column":13},"end":{"line":39,"column":20}},{"start":{"line":40,"column":16},"end":{"line":60,"column":21}}],"line":39}},"s":{"0":1,"1":12,"2":12,"3":12,"4":0,"5":0,"6":0,"7":0,"8":12,"9":0,"10":0,"11":0},"f":{"0":12,"1":0,"2":0,"3":0,"4":0},"b":{"0":[0,0],"1":[12,0]},"_coverageSchema":"1a1c01bbd47fc00a2c39e90264f33305004495a9","hash":"c4d7fd31f87e2b3a27ed3e36f7a15af7fadff31c"}
,"C:\\Users\\emers\\Documents\\faz-pay\\src\\components\\TableMobile\\styled.tsx": {"path":"C:\\Users\\emers\\Documents\\faz-pay\\src\\components\\TableMobile\\styled.tsx","statementMap":{"0":{"start":{"line":3,"column":25},"end":{"line":93,"column":1}},"1":{"start":{"line":23,"column":31},"end":{"line":23,"column":56}},"2":{"start":{"line":24,"column":26},"end":{"line":24,"column":50}},"3":{"start":{"line":36,"column":26},"end":{"line":36,"column":50}},"4":{"start":{"line":49,"column":43},"end":{"line":49,"column":68}},"5":{"start":{"line":60,"column":37},"end":{"line":60,"column":61}},"6":{"start":{"line":80,"column":45},"end":{"line":80,"column":70}}},"fnMap":{"0":{"name":"(anonymous_0)","decl":{"start":{"line":23,"column":22},"end":{"line":23,"column":23}},"loc":{"start":{"line":23,"column":31},"end":{"line":23,"column":56}},"line":23},"1":{"name":"(anonymous_1)","decl":{"start":{"line":24,"column":17},"end":{"line":24,"column":18}},"loc":{"start":{"line":24,"column":26},"end":{"line":24,"column":50}},"line":24},"2":{"name":"(anonymous_2)","decl":{"start":{"line":36,"column":17},"end":{"line":36,"column":18}},"loc":{"start":{"line":36,"column":26},"end":{"line":36,"column":50}},"line":36},"3":{"name":"(anonymous_3)","decl":{"start":{"line":49,"column":34},"end":{"line":49,"column":35}},"loc":{"start":{"line":49,"column":43},"end":{"line":49,"column":68}},"line":49},"4":{"name":"(anonymous_4)","decl":{"start":{"line":60,"column":28},"end":{"line":60,"column":29}},"loc":{"start":{"line":60,"column":37},"end":{"line":60,"column":61}},"line":60},"5":{"name":"(anonymous_5)","decl":{"start":{"line":80,"column":36},"end":{"line":80,"column":37}},"loc":{"start":{"line":80,"column":45},"end":{"line":80,"column":70}},"line":80}},"branchMap":{},"s":{"0":1,"1":6,"2":6,"3":6,"4":6,"5":6,"6":6},"f":{"0":6,"1":6,"2":6,"3":6,"4":6,"5":6},"b":{},"_coverageSchema":"1a1c01bbd47fc00a2c39e90264f33305004495a9","hash":"d3c32989925bb358e7d2273ac6385a2d1a1b97c3"}
,"C:\\Users\\emers\\Documents\\faz-pay\\src\\components\\TableMobile\\table-mobile.tsx": {"path":"C:\\Users\\emers\\Documents\\faz-pay\\src\\components\\TableMobile\\table-mobile.tsx","statementMap":{"0":{"start":{"line":9,"column":34},"end":{"line":9,"column":65}},"1":{"start":{"line":11,"column":4},"end":{"line":37,"column":5}},"2":{"start":{"line":23,"column":24},"end":{"line":23,"column":105}}},"fnMap":{"0":{"name":"TableMobile","decl":{"start":{"line":8,"column":24},"end":{"line":8,"column":35}},"loc":{"start":{"line":8,"column":72},"end":{"line":38,"column":1}},"line":8},"1":{"name":"(anonymous_1)","decl":{"start":{"line":22,"column":35},"end":{"line":22,"column":36}},"loc":{"start":{"line":22,"column":48},"end":{"line":24,"column":21}},"line":22}},"branchMap":{"0":{"loc":{"start":{"line":29,"column":16},"end":{"line":33,"column":18}},"type":"binary-expr","locations":[{"start":{"line":29,"column":16},"end":{"line":29,"column":23}},{"start":{"line":30,"column":16},"end":{"line":33,"column":18}}],"line":29}},"s":{"0":6,"1":6,"2":12},"f":{"0":6,"1":12},"b":{"0":[6,0]},"_coverageSchema":"1a1c01bbd47fc00a2c39e90264f33305004495a9","hash":"0017f75a77a08fe2c1ee779ee80b18468ad36b10"}
,"C:\\Users\\emers\\Documents\\faz-pay\\src\\components\\ui\\button.tsx": {"path":"C:\\Users\\emers\\Documents\\faz-pay\\src\\components\\ui\\button.tsx","statementMap":{"0":{"start":{"line":3,"column":22},"end":{"line":13,"column":1}},"1":{"start":{"line":5,"column":33},"end":{"line":5,"column":58}},"2":{"start":{"line":6,"column":22},"end":{"line":6,"column":46}},"3":{"start":{"line":15,"column":26},"end":{"line":20,"column":1}},"4":{"start":{"line":22,"column":35},"end":{"line":24,"column":1}}},"fnMap":{"0":{"name":"(anonymous_0)","decl":{"start":{"line":5,"column":24},"end":{"line":5,"column":25}},"loc":{"start":{"line":5,"column":33},"end":{"line":5,"column":58}},"line":5},"1":{"name":"(anonymous_1)","decl":{"start":{"line":6,"column":13},"end":{"line":6,"column":14}},"loc":{"start":{"line":6,"column":22},"end":{"line":6,"column":46}},"line":6}},"branchMap":{},"s":{"0":7,"1":37,"2":37,"3":7,"4":7},"f":{"0":37,"1":37},"b":{},"_coverageSchema":"1a1c01bbd47fc00a2c39e90264f33305004495a9","hash":"acad44990fc77b631f62f33f127339104194e09f"}
,"C:\\Users\\emers\\Documents\\faz-pay\\src\\components\\ui\\custom-link.tsx": {"path":"C:\\Users\\emers\\Documents\\faz-pay\\src\\components\\ui\\custom-link.tsx","statementMap":{"0":{"start":{"line":4,"column":27},"end":{"line":9,"column":1}},"1":{"start":{"line":7,"column":22},"end":{"line":7,"column":47}}},"fnMap":{"0":{"name":"(anonymous_0)","decl":{"start":{"line":7,"column":13},"end":{"line":7,"column":14}},"loc":{"start":{"line":7,"column":22},"end":{"line":7,"column":47}},"line":7}},"branchMap":{},"s":{"0":2,"1":14},"f":{"0":14},"b":{},"_coverageSchema":"1a1c01bbd47fc00a2c39e90264f33305004495a9","hash":"62b1a871fea5e45ddcfd1b68161d10276028c9d0"}
,"C:\\Users\\emers\\Documents\\faz-pay\\src\\components\\ui\\form.tsx": {"path":"C:\\Users\\emers\\Documents\\faz-pay\\src\\components\\ui\\form.tsx","statementMap":{"0":{"start":{"line":3,"column":29},"end":{"line":26,"column":1}},"1":{"start":{"line":7,"column":33},"end":{"line":7,"column":57}},"2":{"start":{"line":17,"column":26},"end":{"line":17,"column":48}},"3":{"start":{"line":28,"column":20},"end":{"line":32,"column":1}}},"fnMap":{"0":{"name":"(anonymous_0)","decl":{"start":{"line":7,"column":24},"end":{"line":7,"column":25}},"loc":{"start":{"line":7,"column":33},"end":{"line":7,"column":57}},"line":7},"1":{"name":"(anonymous_1)","decl":{"start":{"line":17,"column":17},"end":{"line":17,"column":18}},"loc":{"start":{"line":17,"column":26},"end":{"line":17,"column":48}},"line":17}},"branchMap":{},"s":{"0":6,"1":22,"2":22,"3":6},"f":{"0":22,"1":22},"b":{},"_coverageSchema":"1a1c01bbd47fc00a2c39e90264f33305004495a9","hash":"279f2390d0fd9a12f831da07defca6716e45859e"}
,"C:\\Users\\emers\\Documents\\faz-pay\\src\\components\\ui\\input.tsx": {"path":"C:\\Users\\emers\\Documents\\faz-pay\\src\\components\\ui\\input.tsx","statementMap":{"0":{"start":{"line":3,"column":21},"end":{"line":10,"column":1}},"1":{"start":{"line":5,"column":33},"end":{"line":5,"column":57}}},"fnMap":{"0":{"name":"(anonymous_0)","decl":{"start":{"line":5,"column":24},"end":{"line":5,"column":25}},"loc":{"start":{"line":5,"column":33},"end":{"line":5,"column":57}},"line":5}},"branchMap":{},"s":{"0":7,"1":68},"f":{"0":68},"b":{},"_coverageSchema":"1a1c01bbd47fc00a2c39e90264f33305004495a9","hash":"963b0ecb50dee24dd8d4afaf619862a5e9715ff7"}
,"C:\\Users\\emers\\Documents\\faz-pay\\src\\components\\ui\\sucess-message.tsx": {"path":"C:\\Users\\emers\\Documents\\faz-pay\\src\\components\\ui\\sucess-message.tsx","statementMap":{"0":{"start":{"line":3,"column":29},"end":{"line":12,"column":1}},"1":{"start":{"line":11,"column":22},"end":{"line":11,"column":46}}},"fnMap":{"0":{"name":"(anonymous_0)","decl":{"start":{"line":11,"column":13},"end":{"line":11,"column":14}},"loc":{"start":{"line":11,"column":22},"end":{"line":11,"column":46}},"line":11}},"branchMap":{},"s":{"0":1,"1":0},"f":{"0":0},"b":{},"_coverageSchema":"1a1c01bbd47fc00a2c39e90264f33305004495a9","hash":"d240da9320dfb140dd0a6301650e34cebee55c7a"}
,"C:\\Users\\emers\\Documents\\faz-pay\\src\\config\\queryClient.ts": {"path":"C:\\Users\\emers\\Documents\\faz-pay\\src\\config\\queryClient.ts","statementMap":{"0":{"start":{"line":3,"column":27},"end":{"line":3,"column":44}}},"fnMap":{},"branchMap":{},"s":{"0":8},"f":{},"b":{},"_coverageSchema":"1a1c01bbd47fc00a2c39e90264f33305004495a9","hash":"128377b8005d309d543f426b9b251fa47c36d90c"}
,"C:\\Users\\emers\\Documents\\faz-pay\\src\\hooks\\products-hooks.ts": {"path":"C:\\Users\\emers\\Documents\\faz-pay\\src\\hooks\\products-hooks.ts","statementMap":{"0":{"start":{"line":8,"column":4},"end":{"line":14,"column":6}},"1":{"start":{"line":11,"column":54},"end":{"line":11,"column":96}},"2":{"start":{"line":12,"column":12},"end":{"line":12,"column":30}},"3":{"start":{"line":18,"column":4},"end":{"line":24,"column":6}},"4":{"start":{"line":21,"column":52},"end":{"line":21,"column":100}},"5":{"start":{"line":22,"column":12},"end":{"line":22,"column":30}},"6":{"start":{"line":28,"column":24},"end":{"line":28,"column":40}},"7":{"start":{"line":30,"column":4},"end":{"line":38,"column":6}},"8":{"start":{"line":33,"column":12},"end":{"line":33,"column":63}},"9":{"start":{"line":36,"column":12},"end":{"line":36,"column":69}},"10":{"start":{"line":42,"column":24},"end":{"line":42,"column":40}},"11":{"start":{"line":44,"column":4},"end":{"line":54,"column":6}},"12":{"start":{"line":47,"column":12},"end":{"line":47,"column":77}},"13":{"start":{"line":50,"column":12},"end":{"line":50,"column":19}},"14":{"start":{"line":51,"column":12},"end":{"line":51,"column":28}},"15":{"start":{"line":52,"column":12},"end":{"line":52,"column":69}},"16":{"start":{"line":58,"column":24},"end":{"line":58,"column":40}},"17":{"start":{"line":60,"column":4},"end":{"line":69,"column":6}},"18":{"start":{"line":63,"column":12},"end":{"line":63,"column":64}},"19":{"start":{"line":66,"column":12},"end":{"line":66,"column":19}},"20":{"start":{"line":67,"column":12},"end":{"line":67,"column":69}}},"fnMap":{"0":{"name":"useGetAllProducts","decl":{"start":{"line":7,"column":16},"end":{"line":7,"column":33}},"loc":{"start":{"line":7,"column":36},"end":{"line":15,"column":1}},"line":7},"1":{"name":"(anonymous_1)","decl":{"start":{"line":10,"column":17},"end":{"line":10,"column":18}},"loc":{"start":{"line":10,"column":29},"end":{"line":13,"column":9}},"line":10},"2":{"name":"useGetOneProduct","decl":{"start":{"line":17,"column":16},"end":{"line":17,"column":32}},"loc":{"start":{"line":17,"column":45},"end":{"line":25,"column":1}},"line":17},"3":{"name":"(anonymous_3)","decl":{"start":{"line":20,"column":17},"end":{"line":20,"column":18}},"loc":{"start":{"line":20,"column":29},"end":{"line":23,"column":9}},"line":20},"4":{"name":"useDeleteProduct","decl":{"start":{"line":27,"column":16},"end":{"line":27,"column":32}},"loc":{"start":{"line":27,"column":35},"end":{"line":39,"column":1}},"line":27},"5":{"name":"(anonymous_5)","decl":{"start":{"line":32,"column":20},"end":{"line":32,"column":21}},"loc":{"start":{"line":32,"column":42},"end":{"line":34,"column":9}},"line":32},"6":{"name":"(anonymous_6)","decl":{"start":{"line":35,"column":19},"end":{"line":35,"column":20}},"loc":{"start":{"line":35,"column":25},"end":{"line":37,"column":9}},"line":35},"7":{"name":"useUpdateProduct","decl":{"start":{"line":41,"column":16},"end":{"line":41,"column":32}},"loc":{"start":{"line":41,"column":79},"end":{"line":55,"column":1}},"line":41},"8":{"name":"(anonymous_8)","decl":{"start":{"line":46,"column":20},"end":{"line":46,"column":21}},"loc":{"start":{"line":46,"column":49},"end":{"line":48,"column":9}},"line":46},"9":{"name":"(anonymous_9)","decl":{"start":{"line":49,"column":19},"end":{"line":49,"column":20}},"loc":{"start":{"line":49,"column":25},"end":{"line":53,"column":9}},"line":49},"10":{"name":"useCreateProduct","decl":{"start":{"line":57,"column":16},"end":{"line":57,"column":32}},"loc":{"start":{"line":57,"column":67},"end":{"line":70,"column":1}},"line":57},"11":{"name":"(anonymous_11)","decl":{"start":{"line":62,"column":20},"end":{"line":62,"column":21}},"loc":{"start":{"line":62,"column":48},"end":{"line":64,"column":9}},"line":62},"12":{"name":"(anonymous_12)","decl":{"start":{"line":65,"column":19},"end":{"line":65,"column":20}},"loc":{"start":{"line":65,"column":25},"end":{"line":68,"column":9}},"line":65}},"branchMap":{},"s":{"0":0,"1":0,"2":0,"3":0,"4":0,"5":0,"6":0,"7":0,"8":0,"9":0,"10":2,"11":2,"12":0,"13":0,"14":0,"15":0,"16":4,"17":4,"18":0,"19":0,"20":0},"f":{"0":0,"1":0,"2":0,"3":0,"4":0,"5":0,"6":0,"7":2,"8":0,"9":0,"10":4,"11":0,"12":0},"b":{},"_coverageSchema":"1a1c01bbd47fc00a2c39e90264f33305004495a9","hash":"2687650ff9e22854cd0f4d3559d19b7e327abd7b"}
,"C:\\Users\\emers\\Documents\\faz-pay\\src\\pages\\Home\\home.tsx": {"path":"C:\\Users\\emers\\Documents\\faz-pay\\src\\pages\\Home\\home.tsx","statementMap":{"0":{"start":{"line":11,"column":42},"end":{"line":11,"column":61}},"1":{"start":{"line":12,"column":62},"end":{"line":12,"column":77}},"2":{"start":{"line":14,"column":4},"end":{"line":33,"column":5}},"3":{"start":{"line":21,"column":85},"end":{"line":21,"column":115}}},"fnMap":{"0":{"name":"Home","decl":{"start":{"line":10,"column":24},"end":{"line":10,"column":28}},"loc":{"start":{"line":10,"column":31},"end":{"line":34,"column":1}},"line":10},"1":{"name":"(anonymous_1)","decl":{"start":{"line":21,"column":79},"end":{"line":21,"column":80}},"loc":{"start":{"line":21,"column":85},"end":{"line":21,"column":115}},"line":21}},"branchMap":{"0":{"loc":{"start":{"line":25,"column":13},"end":{"line":25,"column":67}},"type":"cond-expr","locations":[{"start":{"line":25,"column":25},"end":{"line":25,"column":60}},{"start":{"line":25,"column":63},"end":{"line":25,"column":67}}],"line":25},"1":{"loc":{"start":{"line":26,"column":13},"end":{"line":26,"column":62}},"type":"binary-expr","locations":[{"start":{"line":26,"column":13},"end":{"line":26,"column":22}},{"start":{"line":26,"column":26},"end":{"line":26,"column":62}}],"line":26},"2":{"loc":{"start":{"line":29,"column":13},"end":{"line":29,"column":111}},"type":"binary-expr","locations":[{"start":{"line":29,"column":13},"end":{"line":29,"column":34}},{"start":{"line":29,"column":38},"end":{"line":29,"column":111}}],"line":29}},"s":{"0":6,"1":6,"2":6,"3":1},"f":{"0":6,"1":1},"b":{"0":[6,0],"1":[6,6],"2":[6,1]},"_coverageSchema":"1a1c01bbd47fc00a2c39e90264f33305004495a9","hash":"196f995c2e1b8957c61be855c1aa0a5c3e01aa05"}
,"C:\\Users\\emers\\Documents\\faz-pay\\src\\pages\\Home\\styled.tsx": {"path":"C:\\Users\\emers\\Documents\\faz-pay\\src\\pages\\Home\\styled.tsx","statementMap":{"0":{"start":{"line":3,"column":25},"end":{"line":11,"column":1}},"1":{"start":{"line":13,"column":30},"end":{"line":32,"column":1}}},"fnMap":{},"branchMap":{},"s":{"0":1,"1":1},"f":{},"b":{},"_coverageSchema":"1a1c01bbd47fc00a2c39e90264f33305004495a9","hash":"3d0c4fdb362cb7801dc5717e4ffcb67511b91e5e"}
,"C:\\Users\\emers\\Documents\\faz-pay\\src\\pages\\Login\\login.tsx": {"path":"C:\\Users\\emers\\Documents\\faz-pay\\src\\pages\\Login\\login.tsx","statementMap":{"0":{"start":{"line":15,"column":62},"end":{"line":15,"column":82}},"1":{"start":{"line":16,"column":42},"end":{"line":16,"column":56}},"2":{"start":{"line":17,"column":21},"end":{"line":17,"column":34}},"3":{"start":{"line":19,"column":4},"end":{"line":25,"column":24}},"4":{"start":{"line":20,"column":8},"end":{"line":24,"column":9}},"5":{"start":{"line":22,"column":12},"end":{"line":22,"column":47}},"6":{"start":{"line":23,"column":12},"end":{"line":23,"column":29}},"7":{"start":{"line":27,"column":4},"end":{"line":66,"column":5}},"8":{"start":{"line":34,"column":52},"end":{"line":34,"column":60}}},"fnMap":{"0":{"name":"Login","decl":{"start":{"line":14,"column":24},"end":{"line":14,"column":29}},"loc":{"start":{"line":14,"column":32},"end":{"line":67,"column":1}},"line":14},"1":{"name":"(anonymous_1)","decl":{"start":{"line":19,"column":14},"end":{"line":19,"column":15}},"loc":{"start":{"line":19,"column":20},"end":{"line":25,"column":5}},"line":19},"2":{"name":"(anonymous_2)","decl":{"start":{"line":34,"column":45},"end":{"line":34,"column":46}},"loc":{"start":{"line":34,"column":52},"end":{"line":34,"column":60}},"line":34}},"branchMap":{"0":{"loc":{"start":{"line":20,"column":8},"end":{"line":24,"column":9}},"type":"if","locations":[{"start":{"line":20,"column":8},"end":{"line":24,"column":9}},{"start":{},"end":{}}],"line":20},"1":{"loc":{"start":{"line":56,"column":21},"end":{"line":56,"column":99}},"type":"binary-expr","locations":[{"start":{"line":56,"column":21},"end":{"line":56,"column":39}},{"start":{"line":56,"column":43},"end":{"line":56,"column":99}}],"line":56}},"s":{"0":9,"1":9,"2":9,"3":9,"4":7,"5":2,"6":2,"7":9,"8":2},"f":{"0":9,"1":7,"2":2},"b":{"0":[2,5],"1":[9,6]},"_coverageSchema":"1a1c01bbd47fc00a2c39e90264f33305004495a9","hash":"c4f7bc2576c5ba6ae6b2fe23128262d61ab5437b"}
,"C:\\Users\\emers\\Documents\\faz-pay\\src\\pages\\Login\\styled.tsx": {"path":"C:\\Users\\emers\\Documents\\faz-pay\\src\\pages\\Login\\styled.tsx","statementMap":{"0":{"start":{"line":3,"column":25},"end":{"line":14,"column":1}},"1":{"start":{"line":9,"column":33},"end":{"line":9,"column":57}},"2":{"start":{"line":16,"column":23},"end":{"line":19,"column":1}}},"fnMap":{"0":{"name":"(anonymous_0)","decl":{"start":{"line":9,"column":24},"end":{"line":9,"column":25}},"loc":{"start":{"line":9,"column":33},"end":{"line":9,"column":57}},"line":9}},"branchMap":{},"s":{"0":2,"1":9,"2":2},"f":{"0":9},"b":{},"_coverageSchema":"1a1c01bbd47fc00a2c39e90264f33305004495a9","hash":"d65acebbc308884847d68483e25ee81dfcca7234"}
,"C:\\Users\\emers\\Documents\\faz-pay\\src\\pages\\Register\\register.tsx": {"path":"C:\\Users\\emers\\Documents\\faz-pay\\src\\pages\\Register\\register.tsx","statementMap":{"0":{"start":{"line":14,"column":69},"end":{"line":14,"column":92}},"1":{"start":{"line":15,"column":70},"end":{"line":15,"column":92}},"2":{"start":{"line":17,"column":4},"end":{"line":17,"column":43}},"3":{"start":{"line":19,"column":4},"end":{"line":73,"column":5}},"4":{"start":{"line":25,"column":52},"end":{"line":25,"column":67}}},"fnMap":{"0":{"name":"Register","decl":{"start":{"line":13,"column":24},"end":{"line":13,"column":32}},"loc":{"start":{"line":13,"column":35},"end":{"line":74,"column":1}},"line":13},"1":{"name":"(anonymous_1)","decl":{"start":{"line":25,"column":45},"end":{"line":25,"column":46}},"loc":{"start":{"line":25,"column":52},"end":{"line":25,"column":67}},"line":25}},"branchMap":{"0":{"loc":{"start":{"line":71,"column":13},"end":{"line":71,"column":82}},"type":"binary-expr","locations":[{"start":{"line":71,"column":13},"end":{"line":71,"column":22}},{"start":{"line":71,"column":26},"end":{"line":71,"column":82}}],"line":71}},"s":{"0":5,"1":5,"2":5,"3":5,"4":1},"f":{"0":5,"1":1},"b":{"0":[5,0]},"_coverageSchema":"1a1c01bbd47fc00a2c39e90264f33305004495a9","hash":"dd68a289cfa6f1686a006731e1df5882221ca9db"}
,"C:\\Users\\emers\\Documents\\faz-pay\\src\\pages\\Register\\styled.tsx": {"path":"C:\\Users\\emers\\Documents\\faz-pay\\src\\pages\\Register\\styled.tsx","statementMap":{"0":{"start":{"line":3,"column":25},"end":{"line":14,"column":1}},"1":{"start":{"line":9,"column":33},"end":{"line":9,"column":57}}},"fnMap":{"0":{"name":"(anonymous_0)","decl":{"start":{"line":9,"column":24},"end":{"line":9,"column":25}},"loc":{"start":{"line":9,"column":33},"end":{"line":9,"column":57}},"line":9}},"branchMap":{},"s":{"0":1,"1":5},"f":{"0":5},"b":{},"_coverageSchema":"1a1c01bbd47fc00a2c39e90264f33305004495a9","hash":"e7b161ea7fa7882ee181221818b8d195392329a4"}
,"C:\\Users\\emers\\Documents\\faz-pay\\src\\styles\\theme.ts": {"path":"C:\\Users\\emers\\Documents\\faz-pay\\src\\styles\\theme.ts","statementMap":{"0":{"start":{"line":1,"column":28},"end":{"line":13,"column":1}}},"fnMap":{},"branchMap":{},"s":{"0":8},"f":{},"b":{},"_coverageSchema":"1a1c01bbd47fc00a2c39e90264f33305004495a9","hash":"1b2dd174e00532f8614e7b932cbcbf38d7b7e954"}
,"C:\\Users\\emers\\Documents\\faz-pay\\src\\utils\\backend.-url.ts": {"path":"C:\\Users\\emers\\Documents\\faz-pay\\src\\utils\\backend.-url.ts","statementMap":{"0":{"start":{"line":1,"column":28},"end":{"line":1,"column":51}}},"fnMap":{},"branchMap":{},"s":{"0":2},"f":{},"b":{},"_coverageSchema":"1a1c01bbd47fc00a2c39e90264f33305004495a9","hash":"e98a9d2f3f175e72851e3d90a8cf3c06f27afb04"}
,"C:\\Users\\emers\\Documents\\faz-pay\\src\\utils\\custom-render.tsx": {"path":"C:\\Users\\emers\\Documents\\faz-pay\\src\\utils\\custom-render.tsx","statementMap":{"0":{"start":{"line":9,"column":4},"end":{"line":20,"column":5}}},"fnMap":{"0":{"name":"CustomRender","decl":{"start":{"line":8,"column":24},"end":{"line":8,"column":36}},"loc":{"start":{"line":8,"column":51},"end":{"line":21,"column":1}},"line":8}},"branchMap":{},"s":{"0":27},"f":{"0":27},"b":{},"_coverageSchema":"1a1c01bbd47fc00a2c39e90264f33305004495a9","hash":"d55d6c014ae9b1950dc646ca2fb7a6a081c41bb8"}
,"C:\\Users\\emers\\Documents\\faz-pay\\src\\utils\\format-price-br.ts": {"path":"C:\\Users\\emers\\Documents\\faz-pay\\src\\utils\\format-price-br.ts","statementMap":{"0":{"start":{"line":2,"column":22},"end":{"line":5,"column":6}},"1":{"start":{"line":7,"column":26},"end":{"line":7,"column":49}},"2":{"start":{"line":9,"column":4},"end":{"line":9,"column":24}}},"fnMap":{"0":{"name":"formatPriceBR","decl":{"start":{"line":1,"column":16},"end":{"line":1,"column":29}},"loc":{"start":{"line":1,"column":45},"end":{"line":10,"column":1}},"line":1}},"branchMap":{},"s":{"0":20,"1":20,"2":20},"f":{"0":20},"b":{},"_coverageSchema":"1a1c01bbd47fc00a2c39e90264f33305004495a9","hash":"e5f2da67a2655c3078501dc190cb3c1f0d3ef45a"}
,"C:\\Users\\emers\\Documents\\faz-pay\\src\\utils\\loggout.tsx": {"path":"C:\\Users\\emers\\Documents\\faz-pay\\src\\utils\\loggout.tsx","statementMap":{"0":{"start":{"line":4,"column":4},"end":{"line":4,"column":28}},"1":{"start":{"line":8,"column":4},"end":{"line":8,"column":27}},"2":{"start":{"line":9,"column":4},"end":{"line":9,"column":16}}},"fnMap":{"0":{"name":"realodPage","decl":{"start":{"line":3,"column":9},"end":{"line":3,"column":19}},"loc":{"start":{"line":3,"column":21},"end":{"line":5,"column":1}},"line":3},"1":{"name":"Loggout","decl":{"start":{"line":7,"column":24},"end":{"line":7,"column":31}},"loc":{"start":{"line":7,"column":34},"end":{"line":10,"column":1}},"line":7}},"branchMap":{},"s":{"0":1,"1":1,"2":1},"f":{"0":1,"1":1},"b":{},"_coverageSchema":"1a1c01bbd47fc00a2c39e90264f33305004495a9","hash":"5851bfd0bbbf9a951eb462616e2a948b1d6aae2b"}
,"C:\\Users\\emers\\Documents\\faz-pay\\src\\utils\\reset-mutation.tsx": {"path":"C:\\Users\\emers\\Documents\\faz-pay\\src\\utils\\reset-mutation.tsx","statementMap":{"0":{"start":{"line":2,"column":4},"end":{"line":7,"column":5}},"1":{"start":{"line":3,"column":8},"end":{"line":6,"column":16}},"2":{"start":{"line":5,"column":12},"end":{"line":5,"column":19}}},"fnMap":{"0":{"name":"resetMutation","decl":{"start":{"line":1,"column":16},"end":{"line":1,"column":29}},"loc":{"start":{"line":1,"column":68},"end":{"line":9,"column":1}},"line":1},"1":{"name":"(anonymous_1)","decl":{"start":{"line":3,"column":19},"end":{"line":3,"column":20}},"loc":{"start":{"line":3,"column":25},"end":{"line":6,"column":9}},"line":3}},"branchMap":{"0":{"loc":{"start":{"line":2,"column":4},"end":{"line":7,"column":5}},"type":"if","locations":[{"start":{"line":2,"column":4},"end":{"line":7,"column":5}},{"start":{},"end":{}}],"line":2}},"s":{"0":5,"1":0,"2":0},"f":{"0":5,"1":0},"b":{"0":[0,5]},"_coverageSchema":"1a1c01bbd47fc00a2c39e90264f33305004495a9","hash":"ac6db29c5d0d0dd3223f6315075441f33e80d691"}
}
