TN:
SF:.jest\mocks\fileMock.js
FNF:0
FNH:0
LF:0
LH:0
BRF:0
BRH:0
end_of_record
TN:
SF:src\components\CreateProductCard\create-product-card.tsx
FN:11,CreateProductCard
FN:18,(anonymous_1)
FN:20,(anonymous_2)
FN:41,(anonymous_3)
FNF:4
FNH:2
FNDA:5,CreateProductCard
FNDA:1,(anonymous_1)
FNDA:0,(anonymous_2)
FNDA:0,(anonymous_3)
DA:12,5
DA:13,5
DA:15,5
DA:18,1
DA:20,0
DA:42,0
DA:43,0
LF:7
LH:4
BRDA:43,0,0,0
BRDA:43,0,1,0
BRF:2
BRH:0
end_of_record
TN:
SF:src\components\CreateProductCard\styled.tsx
FNF:0
FNH:0
DA:3,2
DA:18,2
LF:2
LH:2
BRF:0
BRH:0
end_of_record
TN:
SF:src\components\CreateProductCard\functions\on-submit-products-form.tsx
FN:5,OnSubmitProductsForm
FNF:1
FNH:0
FNDA:0,OnSubmitProductsForm
DA:6,0
DA:7,0
DA:9,0
LF:3
LH:0
BRF:0
BRH:0
end_of_record
TN:
SF:src\components\EditProductCard\edit-product-card.tsx
FN:11,EditProductCard
FN:16,(anonymous_1)
FN:26,onSubmitProductsForm
FN:36,(anonymous_3)
FN:38,(anonymous_4)
FN:59,(anonymous_5)
FNF:6
FNH:3
FNDA:3,EditProductCard
FNDA:3,(anonymous_1)
FNDA:0,onSubmitProductsForm
FNDA:1,(anonymous_3)
FNDA:0,(anonymous_4)
FNDA:0,(anonymous_5)
DA:12,3
DA:13,3
DA:14,3
DA:16,3
DA:17,3
DA:18,3
DA:19,3
DA:20,3
DA:21,3
DA:27,0
DA:28,0
DA:30,0
DA:33,3
DA:36,1
DA:38,0
DA:60,0
DA:61,0
LF:17
LH:11
BRDA:17,0,0,3
BRDA:17,0,1,0
BRDA:61,1,0,0
BRDA:61,1,1,0
BRF:4
BRH:1
end_of_record
TN:
SF:src\components\EditProductCard\styled.tsx
FNF:0
FNH:0
DA:3,3
DA:19,3
LF:2
LH:2
BRF:0
BRH:0
end_of_record
TN:
SF:src\components\Header\header.tsx
FN:6,Header
FN:10,(anonymous_1)
FNF:2
FNH:2
FNDA:9,Header
FNDA:1,(anonymous_1)
DA:7,9
DA:10,1
LF:2
LH:2
BRF:0
BRH:0
end_of_record
TN:
SF:src\components\Header\styled.tsx
FN:5,(anonymous_0)
FNF:1
FNH:1
FNDA:9,(anonymous_0)
DA:3,2
DA:5,9
LF:2
LH:2
BRF:0
BRH:0
end_of_record
TN:
SF:src\components\Input-Form\input-form.tsx
FN:6,InputForm
FNF:1
FNH:1
FNDA:68,InputForm
DA:7,68
DA:9,68
LF:2
LH:2
BRF:0
BRH:0
end_of_record
TN:
SF:src\components\Input-Form\style.tsx
FN:8,(anonymous_0)
FN:20,(anonymous_1)
FNF:2
FNH:2
FNDA:68,(anonymous_0)
FNDA:68,(anonymous_1)
DA:3,7
DA:8,68
DA:18,7
DA:20,68
LF:4
LH:4
BRF:0
BRH:0
end_of_record
TN:
SF:src\components\TableDesktop\style.tsx
FN:16,(anonymous_0)
FN:32,(anonymous_1)
FN:33,(anonymous_2)
FN:44,(anonymous_3)
FN:53,(anonymous_4)
FN:54,(anonymous_5)
FNF:6
FNH:6
FNDA:10,(anonymous_0)
FNDA:10,(anonymous_1)
FNDA:10,(anonymous_2)
FNDA:10,(anonymous_3)
FNDA:10,(anonymous_4)
FNDA:10,(anonymous_5)
DA:3,2
DA:16,10
DA:32,10
DA:33,10
DA:44,10
DA:53,10
DA:54,10
DA:70,2
LF:8
LH:8
BRF:0
BRH:0
end_of_record
TN:
SF:src\components\TableDesktop\table-desktop.tsx
FN:9,TableDesktop
FN:13,handleDeleteProduct
FN:39,(anonymous_2)
FN:48,(anonymous_3)
FN:49,(anonymous_4)
FNF:5
FNH:5
FNDA:10,TableDesktop
FNDA:1,handleDeleteProduct
FNDA:20,(anonymous_2)
FNDA:1,(anonymous_3)
FNDA:1,(anonymous_4)
DA:10,10
DA:11,10
DA:14,1
DA:15,1
DA:16,1
DA:18,1
DA:22,10
DA:40,20
DA:42,20
DA:48,1
DA:49,1
LF:11
LH:11
BRDA:15,0,0,1
BRDA:15,0,1,0
BRDA:57,1,0,10
BRDA:57,1,1,1
BRF:4
BRH:3
end_of_record
TN:
SF:src\components\TableLine\table-line.tsx
FN:18,TableLine
FN:24,handleDeleteProduct
FN:37,(anonymous_2)
FN:55,(anonymous_3)
FN:56,(anonymous_4)
FNF:5
FNH:1
FNDA:12,TableLine
FNDA:0,handleDeleteProduct
FNDA:0,(anonymous_2)
FNDA:0,(anonymous_3)
FNDA:0,(anonymous_4)
DA:8,1
DA:19,12
DA:21,12
DA:22,12
DA:25,0
DA:26,0
DA:27,0
DA:29,0
DA:33,12
DA:37,0
DA:55,0
DA:56,0
LF:12
LH:5
BRDA:26,0,0,0
BRDA:26,0,1,0
BRDA:39,1,0,12
BRDA:39,1,1,0
BRF:4
BRH:1
end_of_record
TN:
SF:src\components\TableMobile\styled.tsx
FN:23,(anonymous_0)
FN:24,(anonymous_1)
FN:36,(anonymous_2)
FN:49,(anonymous_3)
FN:60,(anonymous_4)
FN:80,(anonymous_5)
FNF:6
FNH:6
FNDA:6,(anonymous_0)
FNDA:6,(anonymous_1)
FNDA:6,(anonymous_2)
FNDA:6,(anonymous_3)
FNDA:6,(anonymous_4)
FNDA:6,(anonymous_5)
DA:3,1
DA:23,6
DA:24,6
DA:36,6
DA:49,6
DA:60,6
DA:80,6
LF:7
LH:7
BRF:0
BRH:0
end_of_record
TN:
SF:src\components\TableMobile\table-mobile.tsx
FN:8,TableMobile
FN:22,(anonymous_1)
FNF:2
FNH:2
FNDA:6,TableMobile
FNDA:12,(anonymous_1)
DA:9,6
DA:11,6
DA:23,12
LF:3
LH:3
BRDA:29,0,0,6
BRDA:29,0,1,0
BRF:2
BRH:1
end_of_record
TN:
SF:src\components\ui\button.tsx
FN:5,(anonymous_0)
FN:6,(anonymous_1)
FNF:2
FNH:2
FNDA:37,(anonymous_0)
FNDA:37,(anonymous_1)
DA:3,7
DA:5,37
DA:6,37
DA:15,7
DA:22,7
LF:5
LH:5
BRF:0
BRH:0
end_of_record
TN:
SF:src\components\ui\custom-link.tsx
FN:7,(anonymous_0)
FNF:1
FNH:1
FNDA:14,(anonymous_0)
DA:4,2
DA:7,14
LF:2
LH:2
BRF:0
BRH:0
end_of_record
TN:
SF:src\components\ui\form.tsx
FN:7,(anonymous_0)
FN:17,(anonymous_1)
FNF:2
FNH:2
FNDA:22,(anonymous_0)
FNDA:22,(anonymous_1)
DA:3,6
DA:7,22
DA:17,22
DA:28,6
DA:34,6
LF:5
LH:5
BRF:0
BRH:0
end_of_record
TN:
SF:src\components\ui\input.tsx
FN:5,(anonymous_0)
FNF:1
FNH:1
FNDA:68,(anonymous_0)
DA:3,7
DA:5,68
LF:2
LH:2
BRF:0
BRH:0
end_of_record
TN:
SF:src\components\ui\sucess-message.tsx
FN:11,(anonymous_0)
FNF:1
FNH:0
FNDA:0,(anonymous_0)
DA:3,1
DA:11,0
LF:2
LH:1
BRF:0
BRH:0
end_of_record
TN:
SF:src\config\queryClient.ts
FNF:0
FNH:0
DA:3,8
LF:1
LH:1
BRF:0
BRH:0
end_of_record
TN:
SF:src\hooks\products-hooks.ts
FN:7,useGetAllProducts
FN:10,(anonymous_1)
FN:17,useGetOneProduct
FN:20,(anonymous_3)
FN:27,useDeleteProduct
FN:32,(anonymous_5)
FN:35,(anonymous_6)
FN:41,useUpdateProduct
FN:46,(anonymous_8)
FN:49,(anonymous_9)
FN:57,useCreateProduct
FN:62,(anonymous_11)
FN:65,(anonymous_12)
FNF:13
FNH:2
FNDA:0,useGetAllProducts
FNDA:0,(anonymous_1)
FNDA:0,useGetOneProduct
FNDA:0,(anonymous_3)
FNDA:0,useDeleteProduct
FNDA:0,(anonymous_5)
FNDA:0,(anonymous_6)
FNDA:2,useUpdateProduct
FNDA:0,(anonymous_8)
FNDA:0,(anonymous_9)
FNDA:4,useCreateProduct
FNDA:0,(anonymous_11)
FNDA:0,(anonymous_12)
DA:8,0
DA:11,0
DA:12,0
DA:18,0
DA:21,0
DA:22,0
DA:28,0
DA:30,0
DA:33,0
DA:36,0
DA:42,2
DA:44,2
DA:47,0
DA:50,0
DA:51,0
DA:52,0
DA:58,4
DA:60,4
DA:63,0
DA:66,0
DA:67,0
LF:21
LH:4
BRF:0
BRH:0
end_of_record
TN:
SF:src\pages\Home\home.tsx
FN:10,Home
FN:21,(anonymous_1)
FNF:2
FNH:2
FNDA:6,Home
FNDA:1,(anonymous_1)
DA:11,6
DA:12,6
DA:14,6
DA:21,1
LF:4
LH:4
BRDA:25,0,0,6
BRDA:25,0,1,0
BRDA:26,1,0,6
BRDA:26,1,1,6
BRDA:29,2,0,6
BRDA:29,2,1,1
BRF:6
BRH:5
end_of_record
TN:
SF:src\pages\Home\styled.tsx
FNF:0
FNH:0
DA:3,1
DA:13,1
LF:2
LH:2
BRF:0
BRH:0
end_of_record
TN:
SF:src\pages\Login\login.tsx
FN:14,Login
FN:19,(anonymous_1)
FN:34,(anonymous_2)
FNF:3
FNH:3
FNDA:9,Login
FNDA:7,(anonymous_1)
FNDA:2,(anonymous_2)
DA:15,9
DA:16,9
DA:17,9
DA:19,9
DA:20,7
DA:22,2
DA:23,2
DA:27,9
DA:34,2
LF:9
LH:9
BRDA:20,0,0,2
BRDA:20,0,1,5
BRDA:56,1,0,9
BRDA:56,1,1,6
BRF:4
BRH:4
end_of_record
TN:
SF:src\pages\Login\styled.tsx
FN:9,(anonymous_0)
FNF:1
FNH:1
FNDA:9,(anonymous_0)
DA:3,2
DA:9,9
DA:21,2
LF:3
LH:3
BRF:0
BRH:0
end_of_record
TN:
SF:src\pages\Register\register.tsx
FN:13,Register
FN:25,(anonymous_1)
FNF:2
FNH:2
FNDA:5,Register
FNDA:1,(anonymous_1)
DA:14,5
DA:15,5
DA:17,5
DA:19,5
DA:25,1
LF:5
LH:5
BRDA:71,0,0,5
BRDA:71,0,1,0
BRF:2
BRH:1
end_of_record
TN:
SF:src\pages\Register\styled.tsx
FN:9,(anonymous_0)
FNF:1
FNH:1
FNDA:5,(anonymous_0)
DA:3,1
DA:9,5
LF:2
LH:2
BRF:0
BRH:0
end_of_record
TN:
SF:src\styles\theme.ts
FNF:0
FNH:0
DA:1,8
LF:1
LH:1
BRF:0
BRH:0
end_of_record
TN:
SF:src\utils\backend.-url.ts
FNF:0
FNH:0
DA:1,2
LF:1
LH:1
BRF:0
BRH:0
end_of_record
TN:
SF:src\utils\custom-render.tsx
FN:8,CustomRender
FNF:1
FNH:1
FNDA:27,CustomRender
DA:9,27
LF:1
LH:1
BRF:0
BRH:0
end_of_record
TN:
SF:src\utils\format-price-br.ts
FN:1,formatPriceBR
FNF:1
FNH:1
FNDA:20,formatPriceBR
DA:2,20
DA:7,20
DA:9,20
LF:3
LH:3
BRF:0
BRH:0
end_of_record
TN:
SF:src\utils\loggout.tsx
FN:3,realodPage
FN:7,Loggout
FNF:2
FNH:2
FNDA:1,realodPage
FNDA:1,Loggout
DA:4,1
DA:8,1
DA:9,1
LF:3
LH:3
BRF:0
BRH:0
end_of_record
TN:
SF:src\utils\reset-mutation.tsx
FN:1,resetMutation
FN:3,(anonymous_1)
FNF:2
FNH:1
FNDA:5,resetMutation
FNDA:0,(anonymous_1)
DA:2,5
DA:3,0
DA:5,0
LF:3
LH:1
BRDA:2,0,0,0
BRDA:2,0,1,5
BRF:2
BRH:1
end_of_record
